<?xml version="1.0" encoding="UTF-8"?>
<testng-results ignored="0" total="1" passed="1" failed="0" skipped="0">
  <reporter-output>
  </reporter-output>
  <suite started-at="2021-02-07T20:52:23 PKT" name="Default suite" finished-at="2021-02-07T20:53:51 PKT" duration-ms="87174">
    <groups>
    </groups>
    <test started-at="2021-02-07T20:52:23 PKT" name="Default test" finished-at="2021-02-07T20:53:51 PKT" duration-ms="87174">
      <class name="Scenarios.ExecutionFile">
        <test-method is-config="true" signature="Startup()[pri:0, instance:Scenarios.ExecutionFile@5136d012]" started-at="2021-02-07T20:52:23 PKT" name="Startup" finished-at="2021-02-07T20:52:34 PKT" duration-ms="10593" status="PASS">
          <reporter-output>
          </reporter-output>
        </test-method> <!-- Startup -->
        <test-method signature="Verify_CompanyRegistration()[pri:0, instance:Scenarios.ExecutionFile@5136d012]" started-at="2021-02-07T20:52:34 PKT" name="Verify_CompanyRegistration" finished-at="2021-02-07T20:53:51 PKT" duration-ms="76521" status="PASS">
          <reporter-output>
          </reporter-output>
        </test-method> <!-- Verify_CompanyRegistration -->
        <test-method is-config="true" signature="teardown()[pri:0, instance:Scenarios.ExecutionFile@5136d012]" started-at="2021-02-07T20:53:51 PKT" name="teardown" finished-at="2021-02-07T20:53:51 PKT" duration-ms="0" status="PASS">
          <reporter-output>
          </reporter-output>
        </test-method> <!-- teardown -->
      </class> <!-- Scenarios.ExecutionFile -->
    </test> <!-- Default test -->
  </suite> <!-- Default suite -->
</testng-results>
